Flow report for TopLevel
Fri Jul 14 01:06:37 2017
Quartus II 32-bit Version 12.1 Build 177 11/07/2012 SJ Full Version


---------------------
; Table of Contents ;
---------------------
  1. Legal Notice
  2. Flow Summary
  3. Flow Settings
  4. Flow Non-Default Global Settings
  5. Flow Elapsed Time
  6. Flow OS Summary
  7. Flow Log



----------------
; Legal Notice ;
----------------
Copyright (C) 1991-2012 Altera Corporation
Your use of Altera Corporation's design tools, logic functions 
and other software and tools, and its AMPP partner logic 
functions, and any output files from any of the foregoing 
(including device programming or simulation files), and any 
associated documentation or information are expressly subject 
to the terms and conditions of the Altera Program License 
Subscription Agreement, Altera MegaCore Function License 
Agreement, or other applicable license agreement, including, 
without limitation, that your use is for the sole purpose of 
programming logic devices manufactured by Altera and sold by 
Altera or its authorized distributors.  Please refer to the 
applicable agreement for further details.



+--------------------------------------------------------------------------------+
; Flow Summary                                                                   ;
+------------------------------------+-------------------------------------------+
; Flow Status                        ; Successful - Fri Jul 14 01:06:09 2017     ;
; Quartus II 32-bit Version          ; 12.1 Build 177 11/07/2012 SJ Full Version ;
; Revision Name                      ; TopLevel                                  ;
; Top-level Entity Name              ; TopLevel                                  ;
; Family                             ; Cyclone IV E                              ;
; Device                             ; EP4CE115F29C7                             ;
; Timing Models                      ; Final                                     ;
; Total logic elements               ; 2,436 / 114,480 ( 2 % )                   ;
;     Total combinational functions  ; 2,269 / 114,480 ( 2 % )                   ;
;     Dedicated logic registers      ; 1,295 / 114,480 ( 1 % )                   ;
; Total registers                    ; 1295                                      ;
; Total pins                         ; 9 / 529 ( 2 % )                           ;
; Total virtual pins                 ; 0                                         ;
; Total memory bits                  ; 2,143,232 / 3,981,312 ( 54 % )            ;
; Embedded Multiplier 9-bit elements ; 0 / 532 ( 0 % )                           ;
; Total PLLs                         ; 0 / 4 ( 0 % )                             ;
+------------------------------------+-------------------------------------------+


+-----------------------------------------+
; Flow Settings                           ;
+-------------------+---------------------+
; Option            ; Setting             ;
+-------------------+---------------------+
; Start date & time ; 07/14/2017 01:02:45 ;
; Main task         ; Compilation         ;
; Revision Name     ; TopLevel            ;
+-------------------+---------------------+


+------------------------------------------------------------------------------------------------------------------------------------------------------------+
; Flow Non-Default Global Settings                                                                                                                           ;
+-------------------------------------+-------------------------------------------------------+---------------+---------------------------------+------------+
; Assignment Name                     ; Value                                                 ; Default Value ; Entity Name                     ; Section Id ;
+-------------------------------------+-------------------------------------------------------+---------------+---------------------------------+------------+
; COMPILER_SIGNATURE_ID               ; 0.149997436412770                                     ; --            ; --                              ; --         ;
; IP_TOOL_ENV                         ; qsys                                                  ; --            ; SoC                             ; --         ;
; IP_TOOL_ENV                         ; qsys                                                  ; --            ; SoC_addr_router                 ; --         ;
; IP_TOOL_ENV                         ; qsys                                                  ; --            ; SoC_addr_router_001             ; --         ;
; IP_TOOL_ENV                         ; qsys                                                  ; --            ; SoC_cmd_xbar_demux              ; --         ;
; IP_TOOL_ENV                         ; qsys                                                  ; --            ; SoC_cmd_xbar_demux_001          ; --         ;
; IP_TOOL_ENV                         ; qsys                                                  ; --            ; SoC_cmd_xbar_mux                ; --         ;
; IP_TOOL_ENV                         ; qsys                                                  ; --            ; SoC_cpu                         ; --         ;
; IP_TOOL_ENV                         ; qsys                                                  ; --            ; SoC_id_router                   ; --         ;
; IP_TOOL_ENV                         ; qsys                                                  ; --            ; SoC_id_router_002               ; --         ;
; IP_TOOL_ENV                         ; qsys                                                  ; --            ; SoC_irq_mapper                  ; --         ;
; IP_TOOL_ENV                         ; qsys                                                  ; --            ; SoC_jtag_uart                   ; --         ;
; IP_TOOL_ENV                         ; qsys                                                  ; --            ; SoC_led_out                     ; --         ;
; IP_TOOL_ENV                         ; qsys                                                  ; --            ; SoC_onchip_mem                  ; --         ;
; IP_TOOL_ENV                         ; qsys                                                  ; --            ; SoC_rsp_xbar_demux              ; --         ;
; IP_TOOL_ENV                         ; qsys                                                  ; --            ; SoC_rsp_xbar_demux_002          ; --         ;
; IP_TOOL_ENV                         ; qsys                                                  ; --            ; SoC_rsp_xbar_mux                ; --         ;
; IP_TOOL_ENV                         ; qsys                                                  ; --            ; SoC_rsp_xbar_mux_001            ; --         ;
; IP_TOOL_ENV                         ; qsys                                                  ; --            ; SoC_sysid                       ; --         ;
; IP_TOOL_ENV                         ; qsys                                                  ; --            ; SoC_timer                       ; --         ;
; IP_TOOL_ENV                         ; qsys                                                  ; --            ; altera_avalon_sc_fifo           ; --         ;
; IP_TOOL_ENV                         ; qsys                                                  ; --            ; altera_merlin_master_agent      ; --         ;
; IP_TOOL_ENV                         ; qsys                                                  ; --            ; altera_merlin_master_translator ; --         ;
; IP_TOOL_ENV                         ; qsys                                                  ; --            ; altera_merlin_slave_agent       ; --         ;
; IP_TOOL_ENV                         ; qsys                                                  ; --            ; altera_merlin_slave_translator  ; --         ;
; IP_TOOL_ENV                         ; qsys                                                  ; --            ; altera_merlin_traffic_limiter   ; --         ;
; IP_TOOL_ENV                         ; qsys                                                  ; --            ; altera_reset_controller         ; --         ;
; IP_TOOL_NAME                        ; qsys                                                  ; --            ; SoC                             ; --         ;
; IP_TOOL_NAME                        ; altera_merlin_router                                  ; --            ; SoC_addr_router                 ; --         ;
; IP_TOOL_NAME                        ; altera_merlin_router                                  ; --            ; SoC_addr_router_001             ; --         ;
; IP_TOOL_NAME                        ; altera_merlin_demultiplexer                           ; --            ; SoC_cmd_xbar_demux              ; --         ;
; IP_TOOL_NAME                        ; altera_merlin_demultiplexer                           ; --            ; SoC_cmd_xbar_demux_001          ; --         ;
; IP_TOOL_NAME                        ; altera_merlin_multiplexer                             ; --            ; SoC_cmd_xbar_mux                ; --         ;
; IP_TOOL_NAME                        ; altera_nios2_qsys                                     ; --            ; SoC_cpu                         ; --         ;
; IP_TOOL_NAME                        ; altera_merlin_router                                  ; --            ; SoC_id_router                   ; --         ;
; IP_TOOL_NAME                        ; altera_merlin_router                                  ; --            ; SoC_id_router_002               ; --         ;
; IP_TOOL_NAME                        ; altera_irq_mapper                                     ; --            ; SoC_irq_mapper                  ; --         ;
; IP_TOOL_NAME                        ; altera_avalon_jtag_uart                               ; --            ; SoC_jtag_uart                   ; --         ;
; IP_TOOL_NAME                        ; altera_avalon_pio                                     ; --            ; SoC_led_out                     ; --         ;
; IP_TOOL_NAME                        ; altera_avalon_onchip_memory2                          ; --            ; SoC_onchip_mem                  ; --         ;
; IP_TOOL_NAME                        ; altera_merlin_demultiplexer                           ; --            ; SoC_rsp_xbar_demux              ; --         ;
; IP_TOOL_NAME                        ; altera_merlin_demultiplexer                           ; --            ; SoC_rsp_xbar_demux_002          ; --         ;
; IP_TOOL_NAME                        ; altera_merlin_multiplexer                             ; --            ; SoC_rsp_xbar_mux                ; --         ;
; IP_TOOL_NAME                        ; altera_merlin_multiplexer                             ; --            ; SoC_rsp_xbar_mux_001            ; --         ;
; IP_TOOL_NAME                        ; altera_avalon_sysid_qsys                              ; --            ; SoC_sysid                       ; --         ;
; IP_TOOL_NAME                        ; altera_avalon_timer                                   ; --            ; SoC_timer                       ; --         ;
; IP_TOOL_NAME                        ; altera_avalon_sc_fifo                                 ; --            ; altera_avalon_sc_fifo           ; --         ;
; IP_TOOL_NAME                        ; altera_merlin_master_agent                            ; --            ; altera_merlin_master_agent      ; --         ;
; IP_TOOL_NAME                        ; altera_merlin_master_translator                       ; --            ; altera_merlin_master_translator ; --         ;
; IP_TOOL_NAME                        ; altera_merlin_slave_agent                             ; --            ; altera_merlin_slave_agent       ; --         ;
; IP_TOOL_NAME                        ; altera_merlin_slave_translator                        ; --            ; altera_merlin_slave_translator  ; --         ;
; IP_TOOL_NAME                        ; altera_merlin_traffic_limiter                         ; --            ; altera_merlin_traffic_limiter   ; --         ;
; IP_TOOL_NAME                        ; altera_reset_controller                               ; --            ; altera_reset_controller         ; --         ;
; IP_TOOL_VERSION                     ; 12.1                                                  ; --            ; SoC                             ; --         ;
; IP_TOOL_VERSION                     ; 12.1                                                  ; --            ; SoC_addr_router                 ; --         ;
; IP_TOOL_VERSION                     ; 12.1                                                  ; --            ; SoC_addr_router_001             ; --         ;
; IP_TOOL_VERSION                     ; 12.1                                                  ; --            ; SoC_cmd_xbar_demux              ; --         ;
; IP_TOOL_VERSION                     ; 12.1                                                  ; --            ; SoC_cmd_xbar_demux_001          ; --         ;
; IP_TOOL_VERSION                     ; 12.1                                                  ; --            ; SoC_cmd_xbar_mux                ; --         ;
; IP_TOOL_VERSION                     ; 12.1                                                  ; --            ; SoC_cpu                         ; --         ;
; IP_TOOL_VERSION                     ; 12.1                                                  ; --            ; SoC_id_router                   ; --         ;
; IP_TOOL_VERSION                     ; 12.1                                                  ; --            ; SoC_id_router_002               ; --         ;
; IP_TOOL_VERSION                     ; 12.1                                                  ; --            ; SoC_irq_mapper                  ; --         ;
; IP_TOOL_VERSION                     ; 12.1                                                  ; --            ; SoC_jtag_uart                   ; --         ;
; IP_TOOL_VERSION                     ; 12.1                                                  ; --            ; SoC_led_out                     ; --         ;
; IP_TOOL_VERSION                     ; 12.1                                                  ; --            ; SoC_onchip_mem                  ; --         ;
; IP_TOOL_VERSION                     ; 12.1                                                  ; --            ; SoC_rsp_xbar_demux              ; --         ;
; IP_TOOL_VERSION                     ; 12.1                                                  ; --            ; SoC_rsp_xbar_demux_002          ; --         ;
; IP_TOOL_VERSION                     ; 12.1                                                  ; --            ; SoC_rsp_xbar_mux                ; --         ;
; IP_TOOL_VERSION                     ; 12.1                                                  ; --            ; SoC_rsp_xbar_mux_001            ; --         ;
; IP_TOOL_VERSION                     ; 12.1                                                  ; --            ; SoC_sysid                       ; --         ;
; IP_TOOL_VERSION                     ; 12.1                                                  ; --            ; SoC_timer                       ; --         ;
; IP_TOOL_VERSION                     ; 12.1                                                  ; --            ; altera_avalon_sc_fifo           ; --         ;
; IP_TOOL_VERSION                     ; 12.1                                                  ; --            ; altera_merlin_master_agent      ; --         ;
; IP_TOOL_VERSION                     ; 12.1                                                  ; --            ; altera_merlin_master_translator ; --         ;
; IP_TOOL_VERSION                     ; 12.1                                                  ; --            ; altera_merlin_slave_agent       ; --         ;
; IP_TOOL_VERSION                     ; 12.1                                                  ; --            ; altera_merlin_slave_translator  ; --         ;
; IP_TOOL_VERSION                     ; 12.1                                                  ; --            ; altera_merlin_traffic_limiter   ; --         ;
; IP_TOOL_VERSION                     ; 12.1                                                  ; --            ; altera_reset_controller         ; --         ;
; MAX_CORE_JUNCTION_TEMP              ; 85                                                    ; --            ; --                              ; --         ;
; MIN_CORE_JUNCTION_TEMP              ; 0                                                     ; --            ; --                              ; --         ;
; MISC_FILE                           ; SoC/synthesis/../../SoC.cmp                           ; --            ; --                              ; --         ;
; MISC_FILE                           ; SoC/synthesis/../../SoC.qsys                          ; --            ; --                              ; --         ;
; PARTITION_COLOR                     ; 16764057                                              ; --            ; --                              ; Top        ;
; PARTITION_FITTER_PRESERVATION_LEVEL ; PLACEMENT_AND_ROUTING                                 ; --            ; --                              ; Top        ;
; PARTITION_NETLIST_TYPE              ; SOURCE                                                ; --            ; --                              ; Top        ;
; PROJECT_OUTPUT_DIRECTORY            ; output_files                                          ; --            ; --                              ; --         ;
; SLD_INFO                            ; QSYS_NAME SoC HAS_SOPCINFO 1 GENERATION_ID 1499933128 ; --            ; SoC                             ; --         ;
; SOPCINFO_FILE                       ; SoC/synthesis/../../SoC.sopcinfo                      ; --            ; --                              ; --         ;
; SYNTHESIS_ONLY_QIP                  ; On                                                    ; --            ; --                              ; --         ;
+-------------------------------------+-------------------------------------------------------+---------------+---------------------------------+------------+


+-------------------------------------------------------------------------------------------------------------------------------+
; Flow Elapsed Time                                                                                                             ;
+---------------------------+--------------+-------------------------+---------------------+------------------------------------+
; Module Name               ; Elapsed Time ; Average Processors Used ; Peak Virtual Memory ; Total CPU Time (on all processors) ;
+---------------------------+--------------+-------------------------+---------------------+------------------------------------+
; Analysis & Synthesis      ; 00:00:46     ; 1.0                     ; 426 MB              ; 00:00:41                           ;
; Fitter                    ; 00:01:39     ; 1.3                     ; 638 MB              ; 00:01:44                           ;
; Assembler                 ; 00:00:24     ; 1.0                     ; 367 MB              ; 00:00:21                           ;
; TimeQuest Timing Analyzer ; 00:00:13     ; 1.2                     ; 443 MB              ; 00:00:12                           ;
; Total                     ; 00:03:02     ; --                      ; --                  ; 00:02:58                           ;
+---------------------------+--------------+-------------------------+---------------------+------------------------------------+


+---------------------------------------------------------------------------------------------+
; Flow OS Summary                                                                             ;
+---------------------------+------------------+----------------+------------+----------------+
; Module Name               ; Machine Hostname ; OS Name        ; OS Version ; Processor type ;
+---------------------------+------------------+----------------+------------+----------------+
; Analysis & Synthesis      ; ubuntu-V3        ; Ubuntu 16.04.2 ; 16         ; x86_64         ;
; Fitter                    ; ubuntu-V3        ; Ubuntu 16.04.2 ; 16         ; x86_64         ;
; Assembler                 ; ubuntu-V3        ; Ubuntu 16.04.2 ; 16         ; x86_64         ;
; TimeQuest Timing Analyzer ; ubuntu-V3        ; Ubuntu 16.04.2 ; 16         ; x86_64         ;
+---------------------------+------------------+----------------+------------+----------------+


------------
; Flow Log ;
------------
quartus_map --read_settings_files=on --write_settings_files=off Lab01 -c TopLevel
quartus_fit --read_settings_files=off --write_settings_files=off Lab01 -c TopLevel
quartus_asm --read_settings_files=off --write_settings_files=off Lab01 -c TopLevel
quartus_sta Lab01 -c TopLevel



