Info: Starting: Create block symbol file (.bsf)
Info: ip-generate --project-directory=/home/kushan/Documents/CO503/Lab01_revisit/ --output-directory=/home/kushan/Documents/CO503/Lab01_revisit/SoC/ --report-file=bsf:/home/kushan/Documents/CO503/Lab01_revisit/SoC.bsf --system-info=DEVICE_FAMILY="Cyclone IV E" --system-info=DEVICE=EP4CE115F29C7 --system-info=DEVICE_SPEEDGRADE=7 --component-file=/home/kushan/Documents/CO503/Lab01_revisit/SoC.qsys
Progress: Loading Lab01_revisit/SoC.qsys
Progress: Reading input file
Progress: Adding clk_0 [clock_source 12.1]
Progress: Parameterizing module clk_0
Progress: Adding onchip_mem [altera_avalon_onchip_memory2 12.1]
Progress: Parameterizing module onchip_mem
Progress: Adding cpu [altera_nios2_qsys 12.1]
Progress: Parameterizing module cpu
Progress: Adding jtag_uart [altera_avalon_jtag_uart 12.1]
Progress: Parameterizing module jtag_uart
Progress: Adding timer [altera_avalon_timer 12.1]
Progress: Parameterizing module timer
Progress: Adding sysid [altera_avalon_sysid_qsys 12.1]
Progress: Parameterizing module sysid
Progress: Adding led_out [altera_avalon_pio 12.1]
Progress: Parameterizing module led_out
Progress: Building connections
Progress: Parameterizing connections
Progress: Validating
Progress: Done reading input file
Info: SoC.onchip_mem: Memory will be initialized from onchip_mem.hex
Info: SoC.sysid: System ID is not assigned automatically. Edit the System ID parameter to provide a unique ID
Info: SoC.sysid: Time stamp will be automatically updated when this component is generated.
Info: ip-generate succeeded.
Info: Finished: Create block symbol file (.bsf)
Info: 
Info: Starting: Create HDL design files for synthesis
Info: ip-generate --project-directory=/home/kushan/Documents/CO503/Lab01_revisit/ --output-directory=/home/kushan/Documents/CO503/Lab01_revisit/SoC/synthesis/ --file-set=QUARTUS_SYNTH --report-file=sopcinfo:/home/kushan/Documents/CO503/Lab01_revisit/SoC.sopcinfo --report-file=html:/home/kushan/Documents/CO503/Lab01_revisit/SoC.html --report-file=qip:/home/kushan/Documents/CO503/Lab01_revisit/SoC/synthesis/SoC.qip --report-file=cmp:/home/kushan/Documents/CO503/Lab01_revisit/SoC.cmp --system-info=DEVICE_FAMILY="Cyclone IV E" --system-info=DEVICE=EP4CE115F29C7 --system-info=DEVICE_SPEEDGRADE=7 --component-file=/home/kushan/Documents/CO503/Lab01_revisit/SoC.qsys
Progress: Loading Lab01_revisit/SoC.qsys
Progress: Reading input file
Progress: Adding clk_0 [clock_source 12.1]
Progress: Parameterizing module clk_0
Progress: Adding onchip_mem [altera_avalon_onchip_memory2 12.1]
Progress: Parameterizing module onchip_mem
Progress: Adding cpu [altera_nios2_qsys 12.1]
Progress: Parameterizing module cpu
Progress: Adding jtag_uart [altera_avalon_jtag_uart 12.1]
Progress: Parameterizing module jtag_uart
Progress: Adding timer [altera_avalon_timer 12.1]
Progress: Parameterizing module timer
Progress: Adding sysid [altera_avalon_sysid_qsys 12.1]
Progress: Parameterizing module sysid
Progress: Adding led_out [altera_avalon_pio 12.1]
Progress: Parameterizing module led_out
Progress: Building connections
Progress: Parameterizing connections
Progress: Validating
Progress: Done reading input file
Info: SoC.onchip_mem: Memory will be initialized from onchip_mem.hex
Info: SoC.sysid: System ID is not assigned automatically. Edit the System ID parameter to provide a unique ID
Info: SoC.sysid: Time stamp will be automatically updated when this component is generated.
Info: SoC: Generating SoC "SoC" for QUARTUS_SYNTH
Info: pipeline_bridge_swap_transform: After transform: 7 modules, 25 connections
Info: No custom instruction connections, skipping transform 
Info: merlin_translator_transform: After transform: 15 modules, 54 connections
Info: merlin_domain_transform: After transform: 30 modules, 145 connections
Info: merlin_router_transform: After transform: 38 modules, 174 connections
Info: merlin_traffic_limiter_transform: After transform: 39 modules, 179 connections
Info: reset_adaptation_transform: After transform: 41 modules, 157 connections
Info: merlin_network_to_switch_transform: After transform: 56 modules, 189 connections
Info: limiter_update_transform: After transform: 56 modules, 190 connections
Info: merlin_interrupt_mapper_transform: After transform: 57 modules, 193 connections
Info: Starting classic module elaboration.
"/home/kushan/Software/Altera/quartus/linux/jre/bin/java" -Xmx512M -classpath "/home/kushan/Software/Altera/quartus/sopc_builder/bin/sopc_builder.jar:/home/kushan/Software/Altera/quartus/sopc_builder/bin/PinAssigner.jar:/home/kushan/Software/Altera/quartus/sopc_builder/bin/sopc_wizard.jar:/home/kushan/Software/Altera/quartus/sopc_builder/bin/jptf.jar" sopc_builder.sopc_builder  -d"/home/kushan/Software/Altera/quartus/sopc_builder" -notalkback=1 -projectnameyysystem.qpf -projectpath/tmp/alt7409_2663552103181298480.dir/0001_sopclgen  --no_splash --refresh /tmp/alt7409_2663552103181298480.dir/0001_sopclgen/yysystem.v --quartus_dir="/home/kushan/Software/Altera/quartus" --sopc_perl="/home/kushan/Software/Altera/quartus/linux/perl" --sopc_lib_path="++/home/kushan/Software/Altera/quartus/../ip/altera/sopc_builder_ip+/home/kushan/Software/Altera/quartus/../ip/altera/nios2_ip"
Info: Finished elaborating classic module.
Executing: /home/kushan/Software/Altera/quartus//sopc_builder/bin/sopc_builder --classic --generate /tmp/alt7409_2663552103181298480.dir/0001_sopclgen/yysystem.ptf
Info: Running sopc_builder...
"/home/kushan/Software/Altera/quartus//linux/jre/bin/java" -Xmx512M -classpath "/home/kushan/Software/Altera/quartus//sopc_builder/bin/sopc_builder.jar:/home/kushan/Software/Altera/quartus//sopc_builder/bin/PinAssigner.jar:/home/kushan/Software/Altera/quartus//sopc_builder/bin/sopc_wizard.jar:/home/kushan/Software/Altera/quartus//sopc_builder/bin/jptf.jar" sopc_builder.sopc_builder  -d"/home/kushan/Software/Altera/quartus//sopc_builder" -notalkback=1 -projectnameyysystem.qpf -projectpath/tmp/alt7409_2663552103181298480.dir/0001_sopclgen  --generate /tmp/alt7409_2663552103181298480.dir/0001_sopclgen/yysystem.v --quartus_dir="/home/kushan/Software/Altera/quartus/" --sopc_perl="/home/kushan/Software/Altera/quartus//linux/perl" --sopc_lib_path="++/home/kushan/Software/Altera/quartus//../ip/altera/sopc_builder_ip+/home/kushan/Software/Altera/quartus//../ip/altera/nios2_ip"
.
# 2017.08.31 11:35:02 (*) Success: sopc_builder finished.
Info: onchip_mem: "SoC" instantiated altera_avalon_onchip_memory2 "onchip_mem"
Info: cpu: Starting RTL generation for module 'SoC_cpu'
Info: cpu:   Generation command is [exec /home/kushan/Software/Altera/quartus/../ip/altera/nios2_ip/altera_nios2/eperl -I /home/kushan/Software/Altera/quartus/common/ip/altera/common/perl/5.8.3 -I /home/kushan/Software/Altera/quartus/sopc_builder/bin/europa -I /home/kushan/Software/Altera/quartus/sopc_builder/bin/perl_lib -I /home/kushan/Software/Altera/quartus/sopc_builder/bin -I /home/kushan/Software/Altera/quartus/../ip/altera/nios2_ip/altera_nios2/cpu_lib -I /home/kushan/Software/Altera/quartus/../ip/altera/nios2_ip/altera_nios2/nios_lib -I /home/kushan/Software/Altera/quartus/../ip/altera/nios2_ip/altera_nios2 -I /home/kushan/Software/Altera/quartus/../ip/altera/nios2_ip/altera_nios2 -- /home/kushan/Software/Altera/quartus/../ip/altera/nios2_ip/altera_nios2/generate_rtl.epl --name=SoC_cpu --dir=/tmp/alt7409_2663552103181298480.dir/0002_cpu_gen/ --quartus_dir=/home/kushan/Software/Altera/quartus --verilog --config=/tmp/alt7409_2663552103181298480.dir/0002_cpu_gen//SoC_cpu_processor_configuration.pl  --do_build_sim=0    --bogus  ]
Info: cpu: # 2017.08.31 11:35:04 (*) Starting Nios II generation
Info: cpu: # 2017.08.31 11:35:04 (*)   Checking for plaintext license.
Info: cpu: Error: Cannot read data from license server
Info: cpu:  The license server process appears to be running, but is not
Info: cpu: responding.  If this persists, notify the System Administrator.
Info: cpu: (The lmgrd and vendor daemon processes should be terminated and restarted.)
Info: cpu: Feature:       6AF7_00A5
Info: cpu: Hostname:      localhost
Info: cpu: License path:  Warning (292000):FLEXlm software error:Cannot read data -
Info: cpu:     from license server system.  The license server system appears to -
Info: cpu:     be running, but is not responding.  If this persists, notify the -
Info: cpu:     System Administrator. (The license server manager (lmgrd) and vendor -
Info: cpu:     daemon processes should be terminated and restarted.) Feature:quartus_devel -
Info: cpu:    oper Hostname:localhost License path:8000@localhost:FLEXnet Licensing -
Info: cpu:     error:-16,287 For further information, refer to the FLEXnet Licensing -
Info: cpu:     documentation, available at "www.acresso.com".
Info: cpu: Warning (292000):quartus Hostname:-16,287 For further infor
Info: cpu: FLEXlm error:  -16,287
Info: cpu: Error: Cannot read data from license server
Info: cpu:  The license server process appears to be running, but is not
Info: cpu: responding.  If this persists, notify the System Administrator.
Info: cpu: (The lmgrd and vendor daemon processes should be terminated and restarted.)
Info: cpu: Feature:       6AF7_00A5
Info: cpu: Hostname:      localhost
Info: cpu: License path:  Warning (292000):FLEXlm software error:Cannot read data -
Info: cpu:     from license server system.  The license server system appears to -
Info: cpu:     be running, but is not responding.  If this persists, notify the -
Info: cpu:     System Administrator. (The license server manager (lmgrd) and vendor -
Info: cpu:     daemon processes should be terminated and restarted.) Feature:quartus_devel -
Info: cpu:    oper Hostname:localhost License path:8000@localhost:FLEXnet Licensing -
Info: cpu:     error:-16,287 For further information, refer to the FLEXnet Licensing -
Info: cpu:     documentation, available at "www.acresso.com".
Info: cpu: Warning (292000):quartus Hostname:-16,287 For further infor
Info: cpu: FLEXlm error:  -16,287
Info: cpu: # 2017.08.31 11:38:28 (*)   Plaintext license not found.
Info: cpu: # 2017.08.31 11:38:28 (*)   Checking for encrypted license (non-evaluation).
Info: cpu: Error: Cannot read data from license server
Info: cpu:  The license server process appears to be running, but is not
Info: cpu: responding.  If this persists, notify the System Administrator.
Info: cpu: (The lmgrd and vendor daemon processes should be terminated and restarted.)
Info: cpu: Feature:       6AF7_00A2
Info: cpu: Hostname:      localhost
Info: cpu: License path:  Warning (292000):FLEXlm software error:Cannot read data -
Info: cpu:     from license server system.  The license server system appears to -
Info: cpu:     be running, but is not responding.  If this persists, notify the -
Info: cpu:     System Administrator. (The license server manager (lmgrd) and vendor -
Info: cpu:     daemon processes should be terminated and restarted.) Feature:quartus_devel -
Info: cpu:    oper Hostname:localhost License path:8000@localhost:FLEXnet Licensing -
Info: cpu:     error:-16,287 For further information, refer to the FLEXnet Licensing -
Info: cpu:     documentation, available at "www.acresso.com". Warning (292000):
Info: cpu:    quartus Hostname:-16,287 For further infor:[...]
Info: cpu: FLEXlm error:  -16,287
Info: cpu: Error: Cannot read data from license server
Info: cpu:  The license server process appears to be running, but is not
Info: cpu: responding.  If this persists, notify the System Administrator.
Info: cpu: (The lmgrd and vendor daemon processes should be terminated and restarted.)
Info: cpu: Feature:       6AF7_00A2
Info: cpu: Hostname:      localhost
Info: cpu: License path:  Warning (292000):FLEXlm software error:Cannot read data -
Info: cpu:     from license server system.  The license server system appears to -
Info: cpu:     be running, but is not responding.  If this persists, notify the -
Info: cpu:     System Administrator. (The license server manager (lmgrd) and vendor -
Info: cpu:     daemon processes should be terminated and restarted.) Feature:quartus_devel -
Info: cpu:    oper Hostname:localhost License path:8000@localhost:FLEXnet Licensing -
Info: cpu:     error:-16,287 For further information, refer to the FLEXnet Licensing -
Info: cpu:     documentation, available at "www.acresso.com". Warning (292000):
Info: cpu:    quartus Hostname:-16,287 For further infor:[...]
Info: cpu: FLEXlm error:  -16,287
Info: cpu: # 2017.08.31 11:41:30 (*)   Encrypted license not found.  Defaulting to OCP evaluation license (produces a time-limited SOF)
Info: cpu: # 2017.08.31 11:41:30 (*)   Elaborating CPU configuration settings
Info: cpu: # 2017.08.31 11:41:30 (*)   Creating all objects for CPU
Info: cpu: # 2017.08.31 11:41:31 (*)     Pipeline frontend
Info: cpu: # 2017.08.31 11:41:32 (*)   Generating RTL from CPU objects
Info: cpu: # 2017.08.31 11:41:38 (*)   Creating encrypted RTL
Info: cpu: # 2017.08.31 11:41:39 (*) Done Nios II generation
Info: cpu: Done RTL generation for module 'SoC_cpu'
Info: cpu: "SoC" instantiated altera_nios2_qsys "cpu"
Info: Starting classic module elaboration.
"/home/kushan/Software/Altera/quartus/linux/jre/bin/java" -Xmx512M -classpath "/home/kushan/Software/Altera/quartus/sopc_builder/bin/sopc_builder.jar:/home/kushan/Software/Altera/quartus/sopc_builder/bin/PinAssigner.jar:/home/kushan/Software/Altera/quartus/sopc_builder/bin/sopc_wizard.jar:/home/kushan/Software/Altera/quartus/sopc_builder/bin/jptf.jar" sopc_builder.sopc_builder  -d"/home/kushan/Software/Altera/quartus/sopc_builder" -notalkback=1 -projectnameyysystem.qpf -projectpath/tmp/alt7409_2663552103181298480.dir/0003_sopclgen  --no_splash --refresh /tmp/alt7409_2663552103181298480.dir/0003_sopclgen/yysystem.v --quartus_dir="/home/kushan/Software/Altera/quartus" --sopc_perl="/home/kushan/Software/Altera/quartus/linux/perl" --sopc_lib_path="++/home/kushan/Software/Altera/quartus/../ip/altera/sopc_builder_ip+/home/kushan/Software/Altera/quartus/../ip/altera/nios2_ip"
Info: Finished elaborating classic module.
Executing: /home/kushan/Software/Altera/quartus//sopc_builder/bin/sopc_builder --classic --generate /tmp/alt7409_2663552103181298480.dir/0003_sopclgen/yysystem.ptf
Info: Running sopc_builder...
"/home/kushan/Software/Altera/quartus//linux/jre/bin/java" -Xmx512M -classpath "/home/kushan/Software/Altera/quartus//sopc_builder/bin/sopc_builder.jar:/home/kushan/Software/Altera/quartus//sopc_builder/bin/PinAssigner.jar:/home/kushan/Software/Altera/quartus//sopc_builder/bin/sopc_wizard.jar:/home/kushan/Software/Altera/quartus//sopc_builder/bin/jptf.jar" sopc_builder.sopc_builder  -d"/home/kushan/Software/Altera/quartus//sopc_builder" -notalkback=1 -projectnameyysystem.qpf -projectpath/tmp/alt7409_2663552103181298480.dir/0003_sopclgen  --generate /tmp/alt7409_2663552103181298480.dir/0003_sopclgen/yysystem.v --quartus_dir="/home/kushan/Software/Altera/quartus/" --sopc_perl="/home/kushan/Software/Altera/quartus//linux/perl" --sopc_lib_path="++/home/kushan/Software/Altera/quartus//../ip/altera/sopc_builder_ip+/home/kushan/Software/Altera/quartus//../ip/altera/nios2_ip"
.
# 2017.08.31 11:41:53 (*) Success: sopc_builder finished.
Info: jtag_uart: "SoC" instantiated altera_avalon_jtag_uart "jtag_uart"
Info: Starting classic module elaboration.
"/home/kushan/Software/Altera/quartus/linux/jre/bin/java" -Xmx512M -classpath "/home/kushan/Software/Altera/quartus/sopc_builder/bin/sopc_builder.jar:/home/kushan/Software/Altera/quartus/sopc_builder/bin/PinAssigner.jar:/home/kushan/Software/Altera/quartus/sopc_builder/bin/sopc_wizard.jar:/home/kushan/Software/Altera/quartus/sopc_builder/bin/jptf.jar" sopc_builder.sopc_builder  -d"/home/kushan/Software/Altera/quartus/sopc_builder" -notalkback=1 -projectnameyysystem.qpf -projectpath/tmp/alt7409_2663552103181298480.dir/0004_sopclgen  --no_splash --refresh /tmp/alt7409_2663552103181298480.dir/0004_sopclgen/yysystem.v --quartus_dir="/home/kushan/Software/Altera/quartus" --sopc_perl="/home/kushan/Software/Altera/quartus/linux/perl" --sopc_lib_path="++/home/kushan/Software/Altera/quartus/../ip/altera/sopc_builder_ip+/home/kushan/Software/Altera/quartus/../ip/altera/nios2_ip"
Info: Finished elaborating classic module.
Executing: /home/kushan/Software/Altera/quartus//sopc_builder/bin/sopc_builder --classic --generate /tmp/alt7409_2663552103181298480.dir/0004_sopclgen/yysystem.ptf
Info: Running sopc_builder...
"/home/kushan/Software/Altera/quartus//linux/jre/bin/java" -Xmx512M -classpath "/home/kushan/Software/Altera/quartus//sopc_builder/bin/sopc_builder.jar:/home/kushan/Software/Altera/quartus//sopc_builder/bin/PinAssigner.jar:/home/kushan/Software/Altera/quartus//sopc_builder/bin/sopc_wizard.jar:/home/kushan/Software/Altera/quartus//sopc_builder/bin/jptf.jar" sopc_builder.sopc_builder  -d"/home/kushan/Software/Altera/quartus//sopc_builder" -notalkback=1 -projectnameyysystem.qpf -projectpath/tmp/alt7409_2663552103181298480.dir/0004_sopclgen  --generate /tmp/alt7409_2663552103181298480.dir/0004_sopclgen/yysystem.v --quartus_dir="/home/kushan/Software/Altera/quartus/" --sopc_perl="/home/kushan/Software/Altera/quartus//linux/perl" --sopc_lib_path="++/home/kushan/Software/Altera/quartus//../ip/altera/sopc_builder_ip+/home/kushan/Software/Altera/quartus//../ip/altera/nios2_ip"
.
# 2017.08.31 11:42:08 (*) Success: sopc_builder finished.
Info: timer: "SoC" instantiated altera_avalon_timer "timer"
Info: sysid: "SoC" instantiated altera_avalon_sysid_qsys "sysid"
Info: Starting classic module elaboration.
"/home/kushan/Software/Altera/quartus/linux/jre/bin/java" -Xmx512M -classpath "/home/kushan/Software/Altera/quartus/sopc_builder/bin/sopc_builder.jar:/home/kushan/Software/Altera/quartus/sopc_builder/bin/PinAssigner.jar:/home/kushan/Software/Altera/quartus/sopc_builder/bin/sopc_wizard.jar:/home/kushan/Software/Altera/quartus/sopc_builder/bin/jptf.jar" sopc_builder.sopc_builder  -d"/home/kushan/Software/Altera/quartus/sopc_builder" -notalkback=1 -projectnameyysystem.qpf -projectpath/tmp/alt7409_2663552103181298480.dir/0006_sopclgen  --no_splash --refresh /tmp/alt7409_2663552103181298480.dir/0006_sopclgen/yysystem.v --quartus_dir="/home/kushan/Software/Altera/quartus" --sopc_perl="/home/kushan/Software/Altera/quartus/linux/perl" --sopc_lib_path="++/home/kushan/Software/Altera/quartus/../ip/altera/sopc_builder_ip+/home/kushan/Software/Altera/quartus/../ip/altera/nios2_ip"
Info: Finished elaborating classic module.
Executing: /home/kushan/Software/Altera/quartus//sopc_builder/bin/sopc_builder --classic --generate /tmp/alt7409_2663552103181298480.dir/0006_sopclgen/yysystem.ptf
Info: Running sopc_builder...
"/home/kushan/Software/Altera/quartus//linux/jre/bin/java" -Xmx512M -classpath "/home/kushan/Software/Altera/quartus//sopc_builder/bin/sopc_builder.jar:/home/kushan/Software/Altera/quartus//sopc_builder/bin/PinAssigner.jar:/home/kushan/Software/Altera/quartus//sopc_builder/bin/sopc_wizard.jar:/home/kushan/Software/Altera/quartus//sopc_builder/bin/jptf.jar" sopc_builder.sopc_builder  -d"/home/kushan/Software/Altera/quartus//sopc_builder" -notalkback=1 -projectnameyysystem.qpf -projectpath/tmp/alt7409_2663552103181298480.dir/0006_sopclgen  --generate /tmp/alt7409_2663552103181298480.dir/0006_sopclgen/yysystem.v --quartus_dir="/home/kushan/Software/Altera/quartus/" --sopc_perl="/home/kushan/Software/Altera/quartus//linux/perl" --sopc_lib_path="++/home/kushan/Software/Altera/quartus//../ip/altera/sopc_builder_ip+/home/kushan/Software/Altera/quartus//../ip/altera/nios2_ip"
.
# 2017.08.31 11:42:24 (*) Success: sopc_builder finished.
Info: led_out: "SoC" instantiated altera_avalon_pio "led_out"
Info: cpu_instruction_master_translator: "SoC" instantiated altera_merlin_master_translator "cpu_instruction_master_translator"
Info: cpu_jtag_debug_module_translator: "SoC" instantiated altera_merlin_slave_translator "cpu_jtag_debug_module_translator"
Info: cpu_instruction_master_translator_avalon_universal_master_0_agent: "SoC" instantiated altera_merlin_master_agent "cpu_instruction_master_translator_avalon_universal_master_0_agent"
Info: cpu_jtag_debug_module_translator_avalon_universal_slave_0_agent: "SoC" instantiated altera_merlin_slave_agent "cpu_jtag_debug_module_translator_avalon_universal_slave_0_agent"
Info: cpu_jtag_debug_module_translator_avalon_universal_slave_0_agent_rsp_fifo: "SoC" instantiated altera_avalon_sc_fifo "cpu_jtag_debug_module_translator_avalon_universal_slave_0_agent_rsp_fifo"
Info: addr_router: "SoC" instantiated altera_merlin_router "addr_router"
Info: addr_router_001: "SoC" instantiated altera_merlin_router "addr_router_001"
Info: id_router: "SoC" instantiated altera_merlin_router "id_router"
Info: id_router_002: "SoC" instantiated altera_merlin_router "id_router_002"
Info: limiter: "SoC" instantiated altera_merlin_traffic_limiter "limiter"
Info: rst_controller: "SoC" instantiated altera_reset_controller "rst_controller"
Info: cmd_xbar_demux: "SoC" instantiated altera_merlin_demultiplexer "cmd_xbar_demux"
Info: cmd_xbar_demux_001: "SoC" instantiated altera_merlin_demultiplexer "cmd_xbar_demux_001"
Info: cmd_xbar_mux: "SoC" instantiated altera_merlin_multiplexer "cmd_xbar_mux"
Info: rsp_xbar_demux: "SoC" instantiated altera_merlin_demultiplexer "rsp_xbar_demux"
Info: rsp_xbar_demux_002: "SoC" instantiated altera_merlin_demultiplexer "rsp_xbar_demux_002"
Info: rsp_xbar_mux: "SoC" instantiated altera_merlin_multiplexer "rsp_xbar_mux"
Info: Reusing file /home/kushan/Documents/CO503/Lab01_revisit/SoC/synthesis/submodules/altera_merlin_arbitrator.sv
Info: rsp_xbar_mux_001: "SoC" instantiated altera_merlin_multiplexer "rsp_xbar_mux_001"
Info: Reusing file /home/kushan/Documents/CO503/Lab01_revisit/SoC/synthesis/submodules/altera_merlin_arbitrator.sv
Info: irq_mapper: "SoC" instantiated altera_irq_mapper "irq_mapper"
Info: SoC: Done SoC" with 26 modules, 81 files, 2691699 bytes
Info: ip-generate succeeded.
Info: Finished: Create HDL design files for synthesis
